c:\encrypto_commmu_proj_cowork\encrypto_commmu_proj\encrypto_commmu\pure_hill\x64\debug\vc143.pdb
c:\encrypto_commmu_proj_cowork\encrypto_commmu_proj\encrypto_commmu\pure_hill\x64\debug\vc143.idb
c:\encrypto_commmu_proj_cowork\encrypto_commmu_proj\encrypto_commmu\pure_hill\x64\debug\main.obj
c:\encrypto_commmu_proj_cowork\encrypto_commmu_proj\encrypto_commmu\pure_hill\x64\debug\matrix.obj
c:\encrypto_commmu_proj_cowork\encrypto_commmu_proj\encrypto_commmu\x64\debug\pure_hill.exe
c:\encrypto_commmu_proj_cowork\encrypto_commmu_proj\encrypto_commmu\x64\debug\pure_hill.pdb
c:\encrypto_commmu_proj_cowork\encrypto_commmu_proj\encrypto_commmu\pure_hill\x64\debug\pure_hill.ilk
c:\encrypto_commmu_proj\encrypto_commmu\pure_hill\x64\debug\main.obj
c:\encrypto_commmu_proj\encrypto_commmu\pure_hill\x64\debug\matrix.obj
c:\encrypto_commmu_proj\encrypto_commmu\pure_hill\x64\debug\pure_hill.ilk
c:\encrypto_commmu_proj\encrypto_commmu\pure_hill\x64\debug\vc143.idb
c:\encrypto_commmu_proj\encrypto_commmu\pure_hill\x64\debug\vc143.pdb
c:\encrypto_commmu_proj\encrypto_commmu\x64\debug\pure_hill.pdb
c:\encrypto_commmu_proj\encrypto_commmu\x64\debug\pure_hill.exe
c:\encrypto_commmu_proj\encrypto_commmu\pure_hill\x64\debug\pure_hill.tlog\cl.command.1.tlog
c:\encrypto_commmu_proj\encrypto_commmu\pure_hill\x64\debug\pure_hill.tlog\cl.items.tlog
c:\encrypto_commmu_proj\encrypto_commmu\pure_hill\x64\debug\pure_hill.tlog\cl.read.1.tlog
c:\encrypto_commmu_proj\encrypto_commmu\pure_hill\x64\debug\pure_hill.tlog\cl.write.1.tlog
c:\encrypto_commmu_proj\encrypto_commmu\pure_hill\x64\debug\pure_hill.tlog\link.command.1.tlog
c:\encrypto_commmu_proj\encrypto_commmu\pure_hill\x64\debug\pure_hill.tlog\link.read.1.tlog
c:\encrypto_commmu_proj\encrypto_commmu\pure_hill\x64\debug\pure_hill.tlog\link.secondary.1.tlog
c:\encrypto_commmu_proj\encrypto_commmu\pure_hill\x64\debug\pure_hill.tlog\link.write.1.tlog
